<?xml version="1.0"?>
<testsuite name="Chrome Headless 129.0.0.0 (Linux x86_64)" package="" timestamp="2024-09-19T17:28:37" id="0" hostname="Felipe-Victus" tests="4" errors="0" failures="0" time="0.068">
  <properties>
    <property name="browser.fullName" value="Mozilla/5.0 (X11; Linux x86_64) AppleWebKit/537.36 (KHTML, like Gecko) HeadlessChrome/129.0.0.0 Safari/537.36"/>
  </properties>
  <testcase name="AddemployeeComponent should create" time="0.047" classname="AddemployeeComponent"/>
  <testcase name="AppComponent should render title" time="0.005" classname="AppComponent"/>
  <testcase name="EmployeeComponent should create" time="0.012" classname="EmployeeComponent"/>
  <testcase name="EmployeeService should retrieve all employees" time="0.004" classname="EmployeeService"/>
  <system-out>
    <![CDATA[
]]>
  </system-out>
  <system-err/>
</testsuite>